0 info it worked if it ends with ok
1 verbose cli [ 'C:\\Program Files\\nodejs\\node.exe',
1 verbose cli   'C:\\Program Files\\nodejs\\node_modules\\npm\\bin\\npm-cli.js',
1 verbose cli   't' ]
2 info using npm@3.10.10
3 info using node@v6.10.3
4 verbose run-script [ 'pretest', 'test', 'posttest' ]
5 info lifecycle sssss@1.0.0~pretest: sssss@1.0.0
6 silly lifecycle sssss@1.0.0~pretest: no script for pretest, continuing
7 info lifecycle sssss@1.0.0~test: sssss@1.0.0
8 verbose lifecycle sssss@1.0.0~test: unsafe-perm in lifecycle true
9 verbose lifecycle sssss@1.0.0~test: PATH: C:\Program Files\nodejs\node_modules\npm\bin\node-gyp-bin;D:\workspace\test\tsWebTest\node_modules\.bin;C:\ProgramData\Oracle\Java\javapath;C:\windows\system32;C:\windows;C:\windows\System32\Wbem;C:\windows\System32\WindowsPowerShell\v1.0\;C:\Program Files (x86)\GtkSharp\2.12\bin;C:\Program Files\TortoiseSVN\bin;C:\windows\system32\config\systemprofile\.dnx\bin;C:\Program Files\Microsoft DNX\Dnvm\;C:\Program Files\Microsoft SQL Server\130\Tools\Binn\;C:\Program Files (x86)\Windows Kits\8.1\Windows Performance Toolkit\;C:\Program Files\Git\cmd;C:\Program Files\TortoiseGit\bin;D:\environment\GO\bin;C:\Program Files\Microsoft VS Code\bin;C:\Program Files\nodejs\;D:\environment\server\Redis-x64-3.2.100;D:\workspace\go\gobin;D:\environment\GO\bin;D:\environment\cocos2dx\Cocos2d-x\Cocos2d-x-3.10\templates;D:\environment\cocos2dx\Cocos2d-x\Cocos2d-x-3.10\tools\cocos2d-console\bin;D:\environment\android\android-sdk-windows\tools;D:\environment\android\android-sdk-windows\platform-tools;C:\Python27;C:\Python27\Scripts;C:\Program Files\Java\jdk1.8.0_151\bin;C:\Program Files\Microsoft VS Code\bin;C:\Users\Administrator\AppData\Local\GitHubDesktop\bin;D:\workspace\go\golib\bin;C:\Users\Administrator\AppData\Roaming\npm
10 verbose lifecycle sssss@1.0.0~test: CWD: D:\workspace\test\tsWebTest
11 silly lifecycle sssss@1.0.0~test: Args: [ '/d /s /c', 'tsc -b && live-server ./ --port=8090' ]
12 verbose stack Error: kill ENOSYS
12 verbose stack     at exports._errnoException (util.js:1018:11)
12 verbose stack     at process.kill (internal/process.js:190:13)
12 verbose stack     at process.listener (C:\Program Files\nodejs\node_modules\npm\node_modules\npmlog\node_modules\gauge\node_modules\signal-exit\index.js:86:15)
12 verbose stack     at emitNone (events.js:91:20)
12 verbose stack     at process.emit (events.js:185:7)
12 verbose stack     at processEmit (C:\Program Files\nodejs\node_modules\npm\node_modules\npmlog\node_modules\gauge\node_modules\signal-exit\index.js:146:32)
12 verbose stack     at processEmit (C:\Program Files\nodejs\node_modules\npm\node_modules\npm-registry-client\node_modules\npmlog\node_modules\gauge\node_modules\signal-exit\index.js:146:32)
12 verbose stack     at Signal.wrap.onsignal (internal/process.js:217:44)
13 verbose cwd D:\workspace\test\tsWebTest
14 error Windows_NT 6.1.7601
15 error argv "C:\\Program Files\\nodejs\\node.exe" "C:\\Program Files\\nodejs\\node_modules\\npm\\bin\\npm-cli.js" "t"
16 error node v6.10.3
17 error npm  v3.10.10
18 error code ENOSYS
19 error errno ENOSYS
20 error syscall kill
21 error kill ENOSYS
22 error If you need help, you may report this error at:
22 error     <https://github.com/npm/npm/issues>
23 verbose exit [ 1, true ]
